nohup: ignoring input

  .   ____          _            __ _ _
 /\\ / ___'_ __ _ _(_)_ __  __ _ \ \ \ \
( ( )\___ | '_ | '_| | '_ \/ _` | \ \ \ \
 \\/  ___)| |_)| | | | | || (_| |  ) ) ) )
  '  |____| .__|_| |_|_| |_\__, | / / / /
 =========|_|==============|___/=/_/_/_/
 :: Spring Boot ::                (v3.2.0)

2025-10-18T01:17:18.068+05:30  INFO 9845 --- [           main] com.example.springboot.Application       : Starting Application v1.0.0 using Java 17.0.16 with PID 9845 (/home/hanish/blue-green-spring-app/target/blue-green-spring-app-1.0.0.jar started by hanish in /home/hanish/blue-green-spring-app)
2025-10-18T01:17:18.072+05:30  INFO 9845 --- [           main] com.example.springboot.Application       : No active profile set, falling back to 1 default profile: "default"
2025-10-18T01:17:19.137+05:30  INFO 9845 --- [           main] o.s.b.w.embedded.tomcat.TomcatWebServer  : Tomcat initialized with port 8080 (http)
2025-10-18T01:17:19.153+05:30  INFO 9845 --- [           main] o.apache.catalina.core.StandardService   : Starting service [Tomcat]
2025-10-18T01:17:19.153+05:30  INFO 9845 --- [           main] o.apache.catalina.core.StandardEngine    : Starting Servlet engine: [Apache Tomcat/10.1.16]
2025-10-18T01:17:19.201+05:30  INFO 9845 --- [           main] o.a.c.c.C.[Tomcat].[localhost].[/]       : Initializing Spring embedded WebApplicationContext
2025-10-18T01:17:19.203+05:30  INFO 9845 --- [           main] w.s.c.ServletWebServerApplicationContext : Root WebApplicationContext: initialization completed in 1021 ms
2025-10-18T01:17:19.593+05:30  INFO 9845 --- [           main] o.s.b.w.embedded.tomcat.TomcatWebServer  : Tomcat started on port 8080 (http) with context path ''
2025-10-18T01:17:19.605+05:30  INFO 9845 --- [           main] com.example.springboot.Application       : Started Application in 1.984 seconds (process running for 2.428)
2025-10-18T01:17:29.230+05:30  INFO 9845 --- [nio-8080-exec-1] o.a.c.c.C.[Tomcat].[localhost].[/]       : Initializing Spring DispatcherServlet 'dispatcherServlet'
2025-10-18T01:17:29.230+05:30  INFO 9845 --- [nio-8080-exec-1] o.s.web.servlet.DispatcherServlet        : Initializing Servlet 'dispatcherServlet'
2025-10-18T01:17:29.231+05:30  INFO 9845 --- [nio-8080-exec-1] o.s.web.servlet.DispatcherServlet        : Completed initialization in 1 ms
